<?xml version="1.0" encoding="UTF-8"?>
<testsuite name="org.apache.beam.examples.WordCountTest" tests="2" skipped="0" failures="0" errors="0" timestamp="2023-06-01T08:53:45" hostname="penguin" time="0.494">
  <properties/>
  <testcase name="testCountWords" classname="org.apache.beam.examples.WordCountTest" time="0.329"/>
  <testcase name="testExtractWordsFn" classname="org.apache.beam.examples.WordCountTest" time="0.165"/>
  <system-out><![CDATA[]]></system-out>
  <system-err><![CDATA[]]></system-err>
</testsuite>
