<?xml version="1.0" encoding="UTF-8"?>
<testsuite name="org.apache.beam.examples.MinimalWordCountTest" tests="1" skipped="0" failures="0" errors="0" timestamp="2023-06-01T08:53:44" hostname="penguin" time="0.48">
  <properties/>
  <testcase name="testMinimalWordCount" classname="org.apache.beam.examples.MinimalWordCountTest" time="0.48"/>
  <system-out><![CDATA[]]></system-out>
  <system-err><![CDATA[]]></system-err>
</testsuite>
