<?xml version="1.0" encoding="UTF-8"?>
<testsuite name="org.apache.beam.examples.DebuggingWordCountTest" tests="1" skipped="0" failures="0" errors="0" timestamp="2023-06-01T08:53:40" hostname="penguin" time="3.836">
  <properties/>
  <testcase name="testDebuggingWordCount" classname="org.apache.beam.examples.DebuggingWordCountTest" time="3.836"/>
  <system-out><![CDATA[]]></system-out>
  <system-err><![CDATA[SLF4J: Class path contains multiple SLF4J bindings.
SLF4J: Found binding in [jar:file:/home/ahmedabualsaud/.gradle/caches/modules-2/files-2.1/org.apache.beam/beam-sdks-java-io-expansion-service/2.47.0/ec09f3fefe60d7e86858fb2090eef750c2e1e1ff/beam-sdks-java-io-expansion-service-2.47.0.jar!/org/slf4j/impl/StaticLoggerBinder.class]
SLF4J: Found binding in [jar:file:/home/ahmedabualsaud/.gradle/caches/modules-2/files-2.1/org.slf4j/slf4j-jdk14/1.7.30/d35953dd2fe54ebe39fdf18cfd82fe6eb35b25ed/slf4j-jdk14-1.7.30.jar!/org/slf4j/impl/StaticLoggerBinder.class]
SLF4J: See http://www.slf4j.org/codes.html#multiple_bindings for an explanation.
SLF4J: Actual binding is of type [org.slf4j.impl.JDK14LoggerFactory]
Jun 01, 2023 4:53:44 AM org.apache.beam.sdk.io.FileBasedSource getEstimatedSizeBytes
INFO: Filepattern /tmp/junit7202072212251133386/junit6001100645122035636.tmp matched 1 files with total size 54
Jun 01, 2023 4:53:44 AM org.apache.beam.sdk.io.FileBasedSource split
INFO: Splitting filepattern /tmp/junit7202072212251133386/junit6001100645122035636.tmp into bundles of size 6 took 1 ms and produced 1 files and 9 bundles
]]></system-err>
</testsuite>
