<?xml version="1.0" encoding="UTF-8"?>
<testsuite name="org.apache.beam.examples.subprocess.ExampleEchoPipelineTest" tests="1" skipped="0" failures="0" errors="0" timestamp="2023-06-01T08:53:49" hostname="penguin" time="0.63">
  <properties/>
  <testcase name="testExampleEchoPipeline" classname="org.apache.beam.examples.subprocess.ExampleEchoPipelineTest" time="0.63"/>
  <system-out><![CDATA[]]></system-out>
  <system-err><![CDATA[Jun 01, 2023 4:53:49 AM org.apache.beam.examples.subprocess.utils.CallingSubProcessUtils initSemaphore
INFO: Initialized Semaphore for binary test-Echo14580693048896582864.sh 
Jun 01, 2023 4:53:49 AM org.apache.beam.examples.subprocess.utils.CallingSubProcessUtils setUp
INFO: Calling filesetup to move Executables to worker.
Jun 01, 2023 4:53:49 AM org.apache.beam.examples.subprocess.utils.FileUtils copyFileFromGCSToWorker
INFO: Moving File /tmp/test-Echo14580693048896582864.sh to /tmp/test-Echoo13013035398106369928/test-Echo14580693048896582864.sh 
Jun 01, 2023 4:53:50 AM org.apache.beam.examples.subprocess.utils.CallingSubProcessUtils initSemaphore
INFO: Initialized Semaphore for binary test-EchoAgain14489091685536596804.sh 
Jun 01, 2023 4:53:50 AM org.apache.beam.examples.subprocess.utils.CallingSubProcessUtils setUp
INFO: Calling filesetup to move Executables to worker.
Jun 01, 2023 4:53:50 AM org.apache.beam.examples.subprocess.utils.FileUtils copyFileFromGCSToWorker
INFO: Moving File /tmp/test-EchoAgain14489091685536596804.sh to /tmp/test-Echoo13013035398106369928/test-EchoAgain14489091685536596804.sh 
]]></system-err>
</testsuite>
