<?xml version="1.0" encoding="UTF-8"?>
<testsuite name="org.apache.beam.examples.complete.game.LeaderBoardTest" tests="7" skipped="0" failures="0" errors="0" timestamp="2023-06-01T08:53:46" hostname="penguin" time="1.94">
  <properties/>
  <testcase name="testTeamScoresDroppablyLate" classname="org.apache.beam.examples.complete.game.LeaderBoardTest" time="0.452"/>
  <testcase name="testTeamScoresObservablyLate" classname="org.apache.beam.examples.complete.game.LeaderBoardTest" time="0.661"/>
  <testcase name="testTeamScoresOnTime" classname="org.apache.beam.examples.complete.game.LeaderBoardTest" time="0.147"/>
  <testcase name="testTeamScoresSpeculative" classname="org.apache.beam.examples.complete.game.LeaderBoardTest" time="0.296"/>
  <testcase name="testLeaderBoardOptions" classname="org.apache.beam.examples.complete.game.LeaderBoardTest" time="0.05"/>
  <testcase name="testUserScore" classname="org.apache.beam.examples.complete.game.LeaderBoardTest" time="0.197"/>
  <testcase name="testTeamScoresUnobservablyLate" classname="org.apache.beam.examples.complete.game.LeaderBoardTest" time="0.135"/>
  <system-out><![CDATA[]]></system-out>
  <system-err><![CDATA[]]></system-err>
</testsuite>
